{"numTotalTestSuites":33,"numPassedTestSuites":31,"numFailedTestSuites":2,"numPendingTestSuites":0,"numTotalTests":105,"numPassedTests":104,"numFailedTests":1,"numPendingTests":0,"numTodoTests":0,"snapshot":{"added":0,"failure":false,"filesAdded":0,"filesRemoved":0,"filesRemovedList":[],"filesUnmatched":0,"filesUpdated":0,"matched":0,"total":0,"unchecked":0,"uncheckedKeysByFile":[],"unmatched":0,"updated":0,"didUpdate":false},"startTime":1784703574453,"success":false,"testResults":[{"assertionResults":[{"ancestorTitles":["cleanupService"],"fullName":"cleanupService 清除後三個檔案狀態皆為 null","status":"passed","title":"清除後三個檔案狀態皆為 null","duration":14.487499999995634,"failureMessages":[],"meta":{}},{"ancestorTitles":["cleanupService"],"fullName":"cleanupService 清除後錯誤訊息為空字串","status":"passed","title":"清除後錯誤訊息為空字串","duration":2.349900000001071,"failureMessages":[],"meta":{}},{"ancestorTitles":["cleanupService"],"fullName":"cleanupService 清除後 validated 為 false","status":"passed","title":"清除後 validated 為 false","duration":1.4459000000060769,"failureMessages":[],"meta":{}},{"ancestorTitles":["cleanupService"],"fullName":"cleanupService 清除後不使用 localStorage","status":"passed","title":"清除後不使用 localStorage","duration":5.68119999999908,"failureMessages":[],"meta":{}},{"ancestorTitles":["cleanupService"],"fullName":"cleanupService 清除後不使用 sessionStorage","status":"passed","title":"清除後不使用 sessionStorage","duration":1.2263000000020838,"failureMessages":[],"meta":{}},{"ancestorTitles":["cleanupService"],"fullName":"cleanupService createEmptyFileState 回傳正確預設值","status":"passed","title":"createEmptyFileState 回傳正確預設值","duration":1.0460000000020955,"failureMessages":[],"meta":{}},{"ancestorTitles":["cleanupService — Phase 2 clearPhase2Data"],"fullName":"cleanupService — Phase 2 clearPhase2Data 清除 validationState ref → null","status":"passed","title":"清除 validationState ref → null","duration":1.9363999999986845,"failureMessages":[],"meta":{}},{"ancestorTitles":["cleanupService — Phase 2 clearPhase2Data"],"fullName":"cleanupService — Phase 2 clearPhase2Data 清除 processingStep ref → null","status":"passed","title":"清除 processingStep ref → null","duration":0.6850999999951455,"failureMessages":[],"meta":{}},{"ancestorTitles":["cleanupService — Phase 2 clearPhase2Data"],"fullName":"cleanupService — Phase 2 clearPhase2Data 釋放所有 Object URL 並清空陣列","status":"passed","title":"釋放所有 Object URL 並清空陣列","duration":7.3717000000033295,"failureMessages":[],"meta":{}},{"ancestorTitles":["cleanupService — Phase 2 clearPhase2Data"],"fullName":"cleanupService — Phase 2 clearPhase2Data objectUrls 為空陣列時不拋出例外","status":"passed","title":"objectUrls 為空陣列時不拋出例外","duration":3.5913000000000466,"failureMessages":[],"meta":{}},{"ancestorTitles":["cleanupService — Phase 2 clearPhase2Data"],"fullName":"cleanupService — Phase 2 clearPhase2Data 未提供 validationState 時清除其他欄位不出錯","status":"passed","title":"未提供 validationState 時清除其他欄位不出錯","duration":1.2304000000003725,"failureMessages":[],"meta":{}}],"startTime":1784703627857,"endTime":1784703627899.2305,"status":"passed","message":"","name":"C:/Users/12040051/Desktop/績效報告網頁板/src/tests/cleanupService.spec.ts"},{"assertionResults":[{"ancestorTitles":["excelReader"],"fullName":"excelReader 有效 xlsx 可解析","status":"passed","title":"有效 xlsx 可解析","duration":90.56779999999708,"failureMessages":[],"meta":{}},{"ancestorTitles":["excelReader"],"fullName":"excelReader 無法解析的假檔案拋出安全錯誤","status":"passed","title":"無法解析的假檔案拋出安全錯誤","duration":5.5657999999966705,"failureMessages":[],"meta":{}},{"ancestorTitles":["excelReader"],"fullName":"excelReader getSheetNames 回傳原始與 trim 名稱","status":"passed","title":"getSheetNames 回傳原始與 trim 名稱","duration":1.9754000000029919,"failureMessages":[],"meta":{}},{"ancestorTitles":["excelReader"],"fullName":"excelReader parseSheet 回傳正確欄位與列數","status":"passed","title":"parseSheet 回傳正確欄位與列數","duration":6.951099999998405,"failureMessages":[],"meta":{}},{"ancestorTitles":["excelReader"],"fullName":"excelReader parseSheet 找不到工作表時拋出錯誤","status":"passed","title":"parseSheet 找不到工作表時拋出錯誤","duration":10.917999999997846,"failureMessages":[],"meta":{}}],"startTime":1784703627787,"endTime":1784703627904.918,"status":"passed","message":"","name":"C:/Users/12040051/Desktop/績效報告網頁板/src/tests/excelReader.spec.ts"},{"assertionResults":[{"ancestorTitles":["headerNormalizer","normalizeHeaderName"],"fullName":"headerNormalizer normalizeHeaderName 前後空白修剪","status":"passed","title":"前後空白修剪","duration":5.098599999997532,"failureMessages":[],"meta":{}},{"ancestorTitles":["headerNormalizer","normalizeHeaderName"],"fullName":"headerNormalizer normalizeHeaderName 全形空白轉半形","status":"passed","title":"全形空白轉半形","duration":1.776400000002468,"failureMessages":[],"meta":{}},{"ancestorTitles":["headerNormalizer","normalizeHeaderName"],"fullName":"headerNormalizer normalizeHeaderName 換行符號轉空白","status":"passed","title":"換行符號轉空白","duration":0.5235000000029686,"failureMessages":[],"meta":{}},{"ancestorTitles":["headerNormalizer","normalizeHeaderName"],"fullName":"headerNormalizer normalizeHeaderName 連續空白合併為單一空白","status":"passed","title":"連續空白合併為單一空白","duration":0.6931000000040513,"failureMessages":[],"meta":{}},{"ancestorTitles":["headerNormalizer","normalizeHeaderName"],"fullName":"headerNormalizer normalizeHeaderName 空字串回傳空字串","status":"passed","title":"空字串回傳空字串","duration":0.43660000000090804,"failureMessages":[],"meta":{}},{"ancestorTitles":["headerNormalizer","fillMergedGroupNames"],"fullName":"headerNormalizer fillMergedGroupNames 空格向右延伸","status":"passed","title":"空格向右延伸","duration":9.236199999999371,"failureMessages":[],"meta":{}},{"ancestorTitles":["headerNormalizer","fillMergedGroupNames"],"fullName":"headerNormalizer fillMergedGroupNames 第一格空白不延伸（保持空）","status":"passed","title":"第一格空白不延伸（保持空）","duration":1.2235000000000582,"failureMessages":[],"meta":{}},{"ancestorTitles":["headerNormalizer","fillMergedGroupNames"],"fullName":"headerNormalizer fillMergedGroupNames 全部空格維持原樣","status":"passed","title":"全部空格維持原樣","duration":1.0282999999981257,"failureMessages":[],"meta":{}},{"ancestorTitles":["headerNormalizer","buildTwoLayerHeaders"],"fullName":"headerNormalizer buildTwoLayerHeaders 合併群組行 + 欄位行","status":"passed","title":"合併群組行 + 欄位行","duration":2.0138000000006286,"failureMessages":[],"meta":{}},{"ancestorTitles":["headerNormalizer","buildTwoLayerHeaders"],"fullName":"headerNormalizer buildTwoLayerHeaders 群組名稱 === 欄位名稱時不重複","status":"passed","title":"群組名稱 === 欄位名稱時不重複","duration":0.9297000000005937,"failureMessages":[],"meta":{}},{"ancestorTitles":["headerNormalizer","buildTwoLayerHeaders"],"fullName":"headerNormalizer buildTwoLayerHeaders 重複鍵加後綴 _2 _3","status":"passed","title":"重複鍵加後綴 _2 _3","duration":0.9205000000001746,"failureMessages":[],"meta":{}},{"ancestorTitles":["headerNormalizer","buildTwoLayerHeaders"],"fullName":"headerNormalizer buildTwoLayerHeaders 群組空白 + 欄位有值，直接使用欄位名稱","status":"passed","title":"群組空白 + 欄位有值，直接使用欄位名稱","duration":0.7480999999970663,"failureMessages":[],"meta":{}},{"ancestorTitles":["headerNormalizer","buildTwoLayerHeaders"],"fullName":"headerNormalizer buildTwoLayerHeaders originalGroup 與 originalField 保留原始值","status":"passed","title":"originalGroup 與 originalField 保留原始值","duration":0.6172000000005937,"failureMessages":[],"meta":{}}],"startTime":1784703626777,"endTime":1784703626803.6172,"status":"passed","message":"","name":"C:/Users/12040051/Desktop/績效報告網頁板/src/tests/headerNormalizer.spec.ts"},{"assertionResults":[{"ancestorTitles":["imageMatcher"],"fullName":"imageMatcher 完整比對：有引用且 ZIP 有圖片 → matched=1, missing=0","status":"passed","title":"完整比對：有引用且 ZIP 有圖片 → matched=1, missing=0","duration":12.456599999997707,"failureMessages":[],"meta":{}},{"ancestorTitles":["imageMatcher"],"fullName":"imageMatcher 圖片缺少 → IMG_MISSING warning","status":"passed","title":"圖片缺少 → IMG_MISSING warning","duration":1.0152000000016415,"failureMessages":[],"meta":{}},{"ancestorTitles":["imageMatcher"],"fullName":"imageMatcher ZIP 有多餘圖片 → IMG_UNUSED info","status":"passed","title":"ZIP 有多餘圖片 → IMG_UNUSED info","duration":3.701999999997497,"failureMessages":[],"meta":{}},{"ancestorTitles":["imageMatcher"],"fullName":"imageMatcher 大小寫不敏感比對：Excel 引用 Photo.PNG，ZIP 有 photo.png → matched","status":"passed","title":"大小寫不敏感比對：Excel 引用 Photo.PNG，ZIP 有 photo.png → matched","duration":0.9273000000030152,"failureMessages":[],"meta":{}},{"ancestorTitles":["imageMatcher"],"fullName":"imageMatcher 每欄超過 4 張圖片 → IMG_TOO_MANY_PER_FIELD warning","status":"passed","title":"每欄超過 4 張圖片 → IMG_TOO_MANY_PER_FIELD warning","duration":0.9230000000025029,"failureMessages":[],"meta":{}},{"ancestorTitles":["imageMatcher"],"fullName":"imageMatcher 不計入 ZIP 重複基本檔名的問題（由 zipReader 負責），summary.duplicateBasenameCount 正確","status":"passed","title":"不計入 ZIP 重複基本檔名的問題（由 zipReader 負責），summary.duplicateBasenameCount 正確","duration":0.5691999999980908,"failureMessages":[],"meta":{}},{"ancestorTitles":["imageMatcher"],"fullName":"imageMatcher 同一張圖片在不同欄位引用 → 只計一次 referencedCount","status":"passed","title":"同一張圖片在不同欄位引用 → 只計一次 referencedCount","duration":0.4838999999992666,"failureMessages":[],"meta":{}},{"ancestorTitles":["imageMatcher"],"fullName":"imageMatcher 空專案 + 空 ZIP → 全部計數為 0，無 issue","status":"passed","title":"空專案 + 空 ZIP → 全部計數為 0，無 issue","duration":19.01550000000134,"failureMessages":[],"meta":{}}],"startTime":1784703626873,"endTime":1784703626913.0154,"status":"passed","message":"","name":"C:/Users/12040051/Desktop/績效報告網頁板/src/tests/imageMatcher.spec.ts"},{"assertionResults":[{"ancestorTitles":["networkGuard — 應用程式邏輯不觸發任何網路請求"],"fullName":"networkGuard — 應用程式邏輯不觸發任何網路請求 讀取所有季度設定不觸發網路請求","status":"passed","title":"讀取所有季度設定不觸發網路請求","duration":14.580500000003667,"failureMessages":[],"meta":{}},{"ancestorTitles":["networkGuard — 應用程式邏輯不觸發任何網路請求"],"fullName":"networkGuard — 應用程式邏輯不觸發任何網路請求 切換季度 (S1→S2→S3) 不觸發網路請求","status":"passed","title":"切換季度 (S1→S2→S3) 不觸發網路請求","duration":4.632400000002235,"failureMessages":[],"meta":{}},{"ancestorTitles":["networkGuard — 應用程式邏輯不觸發任何網路請求"],"fullName":"networkGuard — 應用程式邏輯不觸發任何網路請求 建立 File 物件並設定檔案狀態不觸發網路請求","status":"passed","title":"建立 File 物件並設定檔案狀態不觸發網路請求","duration":18.35849999999482,"failureMessages":[],"meta":{}},{"ancestorTitles":["networkGuard — 應用程式邏輯不觸發任何網路請求"],"fullName":"networkGuard — 應用程式邏輯不觸發任何網路請求 清除所有資料不觸發網路請求","status":"passed","title":"清除所有資料不觸發網路請求","duration":3.9624999999941792,"failureMessages":[],"meta":{}},{"ancestorTitles":["networkGuard — 應用程式邏輯不觸發任何網路請求"],"fullName":"networkGuard — 應用程式邏輯不觸發任何網路請求 assertAllowedFileExtension 不觸發網路請求","status":"passed","title":"assertAllowedFileExtension 不觸發網路請求","duration":2.723200000000361,"failureMessages":[],"meta":{}},{"ancestorTitles":["networkGuard — 應用程式邏輯不觸發任何網路請求"],"fullName":"networkGuard — 應用程式邏輯不觸發任何網路請求 assertFileSize 不觸發網路請求","status":"failed","title":"assertFileSize 不觸發網路請求","duration":5820.1515,"failureMessages":["Error: STACK_TRACE_ERROR\n    at task (file:///C:/Users/12040051/Desktop/%E7%B8%BE%E6%95%88%E5%A0%B1%E5%91%8A%E7%B6%B2%E9%A0%81%E6%9D%BF/node_modules/@vitest/runner/dist/chunk-hooks.js:638:27)\n    at Object.<anonymous> (file:///C:/Users/12040051/Desktop/%E7%B8%BE%E6%95%88%E5%A0%B1%E5%91%8A%E7%B6%B2%E9%A0%81%E6%9D%BF/node_modules/@vitest/runner/dist/chunk-hooks.js:662:16)\n    at Object.<anonymous> (file:///C:/Users/12040051/Desktop/%E7%B8%BE%E6%95%88%E5%A0%B1%E5%91%8A%E7%B6%B2%E9%A0%81%E6%9D%BF/node_modules/@vitest/runner/dist/chunk-hooks.js:458:28)\n    at chain (file:///C:/Users/12040051/Desktop/%E7%B8%BE%E6%95%88%E5%A0%B1%E5%91%8A%E7%B6%B2%E9%A0%81%E6%9D%BF/node_modules/@vitest/runner/dist/chunk-hooks.js:369:14)\n    at C:\\Users\\12040051\\Desktop\\績效報告網頁板\\src\\tests\\networkGuard.spec.ts:128:3\n    at file:///C:/Users/12040051/Desktop/%E7%B8%BE%E6%95%88%E5%A0%B1%E5%91%8A%E7%B6%B2%E9%A0%81%E6%9D%BF/node_modules/@vitest/runner/dist/chunk-hooks.js:734:40\n    at runWithSuite (file:///C:/Users/12040051/Desktop/%E7%B8%BE%E6%95%88%E5%A0%B1%E5%91%8A%E7%B6%B2%E9%A0%81%E6%9D%BF/node_modules/@vitest/runner/dist/chunk-hooks.js:1849:8)\n    at Object.collect (file:///C:/Users/12040051/Desktop/%E7%B8%BE%E6%95%88%E5%A0%B1%E5%91%8A%E7%B6%B2%E9%A0%81%E6%9D%BF/node_modules/@vitest/runner/dist/chunk-hooks.js:734:10)\n    at Object.collect (file:///C:/Users/12040051/Desktop/%E7%B8%BE%E6%95%88%E5%A0%B1%E5%91%8A%E7%B6%B2%E9%A0%81%E6%9D%BF/node_modules/@vitest/runner/dist/chunk-hooks.js:738:54)\n    at processTicksAndRejections (node:internal/process/task_queues:103:5)\n    at collectTests (file:///C:/Users/12040051/Desktop/%E7%B8%BE%E6%95%88%E5%A0%B1%E5%91%8A%E7%B6%B2%E9%A0%81%E6%9D%BF/node_modules/@vitest/runner/dist/chunk-hooks.js:1179:25)\n    at startTests (file:///C:/Users/12040051/Desktop/%E7%B8%BE%E6%95%88%E5%A0%B1%E5%91%8A%E7%B6%B2%E9%A0%81%E6%9D%BF/node_modules/@vitest/runner/dist/chunk-hooks.js:1817:17)\n    at file:///C:/Users/12040051/Desktop/%E7%B8%BE%E6%95%88%E5%A0%B1%E5%91%8A%E7%B6%B2%E9%A0%81%E6%9D%BF/node_modules/vitest/dist/chunks/runBaseTests.9Ij9_de-.js:117:26\n    at withEnv (file:///C:/Users/12040051/Desktop/%E7%B8%BE%E6%95%88%E5%A0%B1%E5%91%8A%E7%B6%B2%E9%A0%81%E6%9D%BF/node_modules/vitest/dist/chunks/runBaseTests.9Ij9_de-.js:84:3)\n    at run (file:///C:/Users/12040051/Desktop/%E7%B8%BE%E6%95%88%E5%A0%B1%E5%91%8A%E7%B6%B2%E9%A0%81%E6%9D%BF/node_modules/vitest/dist/chunks/runBaseTests.9Ij9_de-.js:109:2)"],"meta":{}}],"startTime":1784703627967,"endTime":1784703633832.1516,"status":"failed","message":"","name":"C:/Users/12040051/Desktop/績效報告網頁板/src/tests/networkGuard.spec.ts"},{"assertionResults":[{"ancestorTitles":["phase2NetworkGuard — Phase 2 解析流程不觸發任何網路請求"],"fullName":"phase2NetworkGuard — Phase 2 解析流程不觸發任何網路請求 runValidation 完整流程不觸發網路請求","status":"passed","title":"runValidation 完整流程不觸發網路請求","duration":336.1912999999986,"failureMessages":[],"meta":{}},{"ancestorTitles":["phase2NetworkGuard — Phase 2 解析流程不觸發任何網路請求"],"fullName":"phase2NetworkGuard — Phase 2 解析流程不觸發任何網路請求 各 Phase 2 服務單獨呼叫不觸發網路請求","status":"passed","title":"各 Phase 2 服務單獨呼叫不觸發網路請求","duration":63.41689999999653,"failureMessages":[],"meta":{}},{"ancestorTitles":["phase2NetworkGuard — Phase 2 解析流程不觸發任何網路請求"],"fullName":"phase2NetworkGuard — Phase 2 解析流程不觸發任何網路請求 clearPhase2Data 不觸發網路請求","status":"passed","title":"clearPhase2Data 不觸發網路請求","duration":6.370100000000093,"failureMessages":[],"meta":{}},{"ancestorTitles":["phase2NetworkGuard — Phase 2 解析流程不觸發任何網路請求"],"fullName":"phase2NetworkGuard — Phase 2 解析流程不觸發任何網路請求 parseZipBuffer 解析無效 ZIP 不觸發網路請求","status":"passed","title":"parseZipBuffer 解析無效 ZIP 不觸發網路請求","duration":3.067799999997078,"failureMessages":[],"meta":{}}],"startTime":1784703632848,"endTime":1784703633257.0679,"status":"passed","message":"","name":"C:/Users/12040051/Desktop/績效報告網頁板/src/tests/phase2NetworkGuard.spec.ts"},{"assertionResults":[{"ancestorTitles":["projectItemValidator","normalizeItemNo"],"fullName":"projectItemValidator normalizeItemNo 純整數不變","status":"passed","title":"純整數不變","duration":5.398800000002666,"failureMessages":[],"meta":{}},{"ancestorTitles":["projectItemValidator","normalizeItemNo"],"fullName":"projectItemValidator normalizeItemNo 全形破折號轉半形","status":"passed","title":"全形破折號轉半形","duration":1.1566000000020722,"failureMessages":[],"meta":{}},{"ancestorTitles":["projectItemValidator","normalizeItemNo"],"fullName":"projectItemValidator normalizeItemNo 破折號前後空白移除","status":"passed","title":"破折號前後空白移除","duration":0.4426999999996042,"failureMessages":[],"meta":{}},{"ancestorTitles":["projectItemValidator","normalizeItemNo"],"fullName":"projectItemValidator normalizeItemNo 前後空白修剪","status":"passed","title":"前後空白修剪","duration":0.4495999999999185,"failureMessages":[],"meta":{}},{"ancestorTitles":["projectItemValidator","normalizeItemNo"],"fullName":"projectItemValidator normalizeItemNo 空字串保持空字串","status":"passed","title":"空字串保持空字串","duration":0.33980000000155997,"failureMessages":[],"meta":{}},{"ancestorTitles":["projectItemValidator","classifyItemNo"],"fullName":"projectItemValidator classifyItemNo 純整數 → main","status":"passed","title":"純整數 → main","duration":1.2569000000003143,"failureMessages":[],"meta":{}},{"ancestorTitles":["projectItemValidator","classifyItemNo"],"fullName":"projectItemValidator classifyItemNo 整數-整數 → child","status":"passed","title":"整數-整數 → child","duration":1.2644000000000233,"failureMessages":[],"meta":{}},{"ancestorTitles":["projectItemValidator","classifyItemNo"],"fullName":"projectItemValidator classifyItemNo 空字串 → invalid","status":"passed","title":"空字串 → invalid","duration":0.46089999999821885,"failureMessages":[],"meta":{}},{"ancestorTitles":["projectItemValidator","classifyItemNo"],"fullName":"projectItemValidator classifyItemNo 多層巢狀 → invalid","status":"passed","title":"多層巢狀 → invalid","duration":0.3724000000001979,"failureMessages":[],"meta":{}},{"ancestorTitles":["projectItemValidator","classifyItemNo"],"fullName":"projectItemValidator classifyItemNo 英文字母 → invalid","status":"passed","title":"英文字母 → invalid","duration":0.7649000000019441,"failureMessages":[],"meta":{}},{"ancestorTitles":["projectItemValidator","classifyItemNo"],"fullName":"projectItemValidator classifyItemNo 小數點 → invalid","status":"passed","title":"小數點 → invalid","duration":0.32510000000183936,"failureMessages":[],"meta":{}},{"ancestorTitles":["projectItemValidator","classifyItemNo"],"fullName":"projectItemValidator classifyItemNo 底線分隔 → invalid","status":"passed","title":"底線分隔 → invalid","duration":0.22750000000087311,"failureMessages":[],"meta":{}},{"ancestorTitles":["projectItemValidator","validateProjectItems"],"fullName":"projectItemValidator validateProjectItems 正常主+子專案，無 issue","status":"passed","title":"正常主+子專案，無 issue","duration":5.391300000002957,"failureMessages":[],"meta":{}},{"ancestorTitles":["projectItemValidator","validateProjectItems"],"fullName":"projectItemValidator validateProjectItems 重複項次 → PI_DUPLICATE_ITEM_NO error","status":"passed","title":"重複項次 → PI_DUPLICATE_ITEM_NO error","duration":0.9818000000013853,"failureMessages":[],"meta":{}},{"ancestorTitles":["projectItemValidator","validateProjectItems"],"fullName":"projectItemValidator validateProjectItems 孤兒子專案 → PI_ORPHAN_CHILD error","status":"passed","title":"孤兒子專案 → PI_ORPHAN_CHILD error","duration":0.5099000000045635,"failureMessages":[],"meta":{}},{"ancestorTitles":["projectItemValidator","validateProjectItems"],"fullName":"projectItemValidator validateProjectItems 子先於父 → PI_CHILD_BEFORE_PARENT warning","status":"passed","title":"子先於父 → PI_CHILD_BEFORE_PARENT warning","duration":0.4294000000008964,"failureMessages":[],"meta":{}},{"ancestorTitles":["projectItemValidator","validateProjectItems"],"fullName":"projectItemValidator validateProjectItems 空白項次 → PI_INVALID_ITEM_NO error","status":"passed","title":"空白項次 → PI_INVALID_ITEM_NO error","duration":0.3151999999972759,"failureMessages":[],"meta":{}},{"ancestorTitles":["projectItemValidator","validateProjectItems"],"fullName":"projectItemValidator validateProjectItems 無效格式 → PI_INVALID_ITEM_NO error","status":"passed","title":"無效格式 → PI_INVALID_ITEM_NO error","duration":0.2827000000033877,"failureMessages":[],"meta":{}}],"startTime":1784703626503,"endTime":1784703626525.3152,"status":"passed","message":"","name":"C:/Users/12040051/Desktop/績效報告網頁板/src/tests/projectItemValidator.spec.ts"},{"assertionResults":[{"ancestorTitles":["QUARTER_CONFIG","S1"],"fullName":"QUARTER_CONFIG S1 應顯示正確標籤","status":"passed","title":"應顯示正確標籤","duration":4.882499999999709,"failureMessages":[],"meta":{}},{"ancestorTitles":["QUARTER_CONFIG","S1"],"fullName":"QUARTER_CONFIG S1 累積期間應為 2025-12-01 至 2026-03-31","status":"passed","title":"累積期間應為 2025-12-01 至 2026-03-31","duration":0.8369999999995343,"failureMessages":[],"meta":{}},{"ancestorTitles":["QUARTER_CONFIG","S1"],"fullName":"QUARTER_CONFIG S1 單季期間應為 2025-12-01 至 2026-03-31","status":"passed","title":"單季期間應為 2025-12-01 至 2026-03-31","duration":0.6603000000031898,"failureMessages":[],"meta":{}},{"ancestorTitles":["QUARTER_CONFIG","S1"],"fullName":"QUARTER_CONFIG S1 累積期間標籤應包含正確文字","status":"passed","title":"累積期間標籤應包含正確文字","duration":1.1331999999965774,"failureMessages":[],"meta":{}},{"ancestorTitles":["QUARTER_CONFIG","S1"],"fullName":"QUARTER_CONFIG S1 單季期間標籤應包含正確文字","status":"passed","title":"單季期間標籤應包含正確文字","duration":0.7560000000012224,"failureMessages":[],"meta":{}},{"ancestorTitles":["QUARTER_CONFIG","S2"],"fullName":"QUARTER_CONFIG S2 應顯示正確標籤","status":"passed","title":"應顯示正確標籤","duration":0.6160000000018044,"failureMessages":[],"meta":{}},{"ancestorTitles":["QUARTER_CONFIG","S2"],"fullName":"QUARTER_CONFIG S2 累積期間應為 2025-12-01 至 2026-07-31","status":"passed","title":"累積期間應為 2025-12-01 至 2026-07-31","duration":0.5462999999945168,"failureMessages":[],"meta":{}},{"ancestorTitles":["QUARTER_CONFIG","S2"],"fullName":"QUARTER_CONFIG S2 單季期間應為 2026-04-01 至 2026-07-31","status":"passed","title":"單季期間應為 2026-04-01 至 2026-07-31","duration":0.53870000000461,"failureMessages":[],"meta":{}},{"ancestorTitles":["QUARTER_CONFIG","S2"],"fullName":"QUARTER_CONFIG S2 累積期間標籤應包含正確文字","status":"passed","title":"累積期間標籤應包含正確文字","duration":0.7088999999978114,"failureMessages":[],"meta":{}},{"ancestorTitles":["QUARTER_CONFIG","S2"],"fullName":"QUARTER_CONFIG S2 單季期間標籤應包含正確文字","status":"passed","title":"單季期間標籤應包含正確文字","duration":0.6499999999941792,"failureMessages":[],"meta":{}},{"ancestorTitles":["QUARTER_CONFIG","S3"],"fullName":"QUARTER_CONFIG S3 應顯示正確標籤","status":"passed","title":"應顯示正確標籤","duration":0.3349999999991269,"failureMessages":[],"meta":{}},{"ancestorTitles":["QUARTER_CONFIG","S3"],"fullName":"QUARTER_CONFIG S3 累積期間應為 2025-12-01 至 2026-11-30","status":"passed","title":"累積期間應為 2025-12-01 至 2026-11-30","duration":0.33950000000186265,"failureMessages":[],"meta":{}},{"ancestorTitles":["QUARTER_CONFIG","S3"],"fullName":"QUARTER_CONFIG S3 單季期間應為 2026-08-01 至 2026-11-30","status":"passed","title":"單季期間應為 2026-08-01 至 2026-11-30","duration":0.4360000000015134,"failureMessages":[],"meta":{}},{"ancestorTitles":["QUARTER_CONFIG","S3"],"fullName":"QUARTER_CONFIG S3 累積期間標籤應包含正確文字","status":"passed","title":"累積期間標籤應包含正確文字","duration":0.49490000000514556,"failureMessages":[],"meta":{}},{"ancestorTitles":["QUARTER_CONFIG","S3"],"fullName":"QUARTER_CONFIG S3 單季期間標籤應包含正確文字","status":"passed","title":"單季期間標籤應包含正確文字","duration":2.1002000000007683,"failureMessages":[],"meta":{}}],"startTime":1784703626394,"endTime":1784703626410.1,"status":"passed","message":"","name":"C:/Users/12040051/Desktop/績效報告網頁板/src/tests/quarterConfig.spec.ts"},{"assertionResults":[{"ancestorTitles":["workbookValidator"],"fullName":"workbookValidator 五張必要工作表完整時 valid = true","status":"passed","title":"五張必要工作表完整時 valid = true","duration":19.04740000000311,"failureMessages":[],"meta":{}},{"ancestorTitles":["workbookValidator"],"fullName":"workbookValidator 缺少「工時分析(自助)」產生 WH_MISSING_SHEET error","status":"passed","title":"缺少「工時分析(自助)」產生 WH_MISSING_SHEET error","duration":5.106800000001385,"failureMessages":[],"meta":{}},{"ancestorTitles":["workbookValidator"],"fullName":"workbookValidator 缺少多張必要工作表時全部列出","status":"passed","title":"缺少多張必要工作表時全部列出","duration":1.1336999999984982,"failureMessages":[],"meta":{}},{"ancestorTitles":["workbookValidator"],"fullName":"workbookValidator 工作表名稱前後空白可以正規化","status":"passed","title":"工作表名稱前後空白可以正規化","duration":4.7643000000025495,"failureMessages":[],"meta":{}},{"ancestorTitles":["workbookValidator"],"fullName":"workbookValidator detectedSheets 包含偵測到的工作表原始名稱","status":"passed","title":"detectedSheets 包含偵測到的工作表原始名稱","duration":3.83009999999922,"failureMessages":[],"meta":{}},{"ancestorTitles":["workbookValidator"],"fullName":"workbookValidator 不修改原始工作表名稱（帶空白保留在 detectedSheets）","status":"passed","title":"不修改原始工作表名稱（帶空白保留在 detectedSheets）","duration":1.3441000000020722,"failureMessages":[],"meta":{}},{"ancestorTitles":["workbookValidator"],"fullName":"workbookValidator 驗證過程不呼叫網路 API","status":"passed","title":"驗證過程不呼叫網路 API","duration":6.830999999998312,"failureMessages":[],"meta":{}}],"startTime":1784703628132,"endTime":1784703628175.831,"status":"passed","message":"","name":"C:/Users/12040051/Desktop/績效報告網頁板/src/tests/workbookValidator.spec.ts"},{"assertionResults":[{"ancestorTitles":["zipReader","isSafePath"],"fullName":"zipReader isSafePath 正常相對路徑安全","status":"passed","title":"正常相對路徑安全","duration":27.614300000001094,"failureMessages":[],"meta":{}},{"ancestorTitles":["zipReader","isSafePath"],"fullName":"zipReader isSafePath ../ 路徑拒絕","status":"passed","title":"../ 路徑拒絕","duration":12.355400000000373,"failureMessages":[],"meta":{}},{"ancestorTitles":["zipReader","isSafePath"],"fullName":"zipReader isSafePath ..\\\\ 路徑拒絕","status":"passed","title":"..\\\\ 路徑拒絕","duration":5.848500000000058,"failureMessages":[],"meta":{}},{"ancestorTitles":["zipReader","isSafePath"],"fullName":"zipReader isSafePath Unix 絕對路徑拒絕","status":"passed","title":"Unix 絕對路徑拒絕","duration":2.1105999999999767,"failureMessages":[],"meta":{}},{"ancestorTitles":["zipReader","isSafePath"],"fullName":"zipReader isSafePath Windows 磁碟代號路徑拒絕","status":"passed","title":"Windows 磁碟代號路徑拒絕","duration":1.3870000000024447,"failureMessages":[],"meta":{}},{"ancestorTitles":["zipReader","isAllowedImageExtension"],"fullName":"zipReader isAllowedImageExtension 允許 .png / .jpg / .jpeg（大小寫不敏感）","status":"passed","title":"允許 .png / .jpg / .jpeg（大小寫不敏感）","duration":2.57839999999851,"failureMessages":[],"meta":{}},{"ancestorTitles":["zipReader","isAllowedImageExtension"],"fullName":"zipReader isAllowedImageExtension 拒絕 .exe .js .html .svg .pdf .xlsx .pptx","status":"passed","title":"拒絕 .exe .js .html .svg .pdf .xlsx .pptx","duration":1.1402999999991152,"failureMessages":[],"meta":{}},{"ancestorTitles":["zipReader","parseZipBuffer"],"fullName":"zipReader parseZipBuffer 有效 png 圖片被解析","status":"passed","title":"有效 png 圖片被解析","duration":29.639900000001944,"failureMessages":[],"meta":{}},{"ancestorTitles":["zipReader","parseZipBuffer"],"fullName":"zipReader parseZipBuffer 有效 jpg / jpeg 圖片被解析","status":"passed","title":"有效 jpg / jpeg 圖片被解析","duration":5.7334999999948195,"failureMessages":[],"meta":{}},{"ancestorTitles":["zipReader","parseZipBuffer"],"fullName":"zipReader parseZipBuffer 無效副檔名 → ZIP_INVALID_EXTENSION error","status":"passed","title":"無效副檔名 → ZIP_INVALID_EXTENSION error","duration":4.048900000001595,"failureMessages":[],"meta":{}},{"ancestorTitles":["zipReader","parseZipBuffer"],"fullName":"zipReader parseZipBuffer ../ 路徑：JSZip 正規化或 isSafePath 提供防護","status":"passed","title":"../ 路徑：JSZip 正規化或 isSafePath 提供防護","duration":3.739399999998568,"failureMessages":[],"meta":{}},{"ancestorTitles":["zipReader","parseZipBuffer"],"fullName":"zipReader parseZipBuffer 資料夾項目被忽略","status":"passed","title":"資料夾項目被忽略","duration":6.494300000005751,"failureMessages":[],"meta":{}},{"ancestorTitles":["zipReader","parseZipBuffer"],"fullName":"zipReader parseZipBuffer __MACOSX 路徑被忽略","status":"passed","title":"__MACOSX 路徑被忽略","duration":9.821499999998196,"failureMessages":[],"meta":{}},{"ancestorTitles":["zipReader","parseZipBuffer"],"fullName":"zipReader parseZipBuffer .DS_Store 被忽略","status":"passed","title":".DS_Store 被忽略","duration":2.7502999999996973,"failureMessages":[],"meta":{}},{"ancestorTitles":["zipReader","parseZipBuffer"],"fullName":"zipReader parseZipBuffer 超過圖片數量上限 → ZIP_TOO_MANY_IMAGES error","status":"passed","title":"超過圖片數量上限 → ZIP_TOO_MANY_IMAGES error","duration":32.8125,"failureMessages":[],"meta":{}},{"ancestorTitles":["zipReader","parseZipBuffer"],"fullName":"zipReader parseZipBuffer 超過單張圖片大小上限 → ZIP_IMAGE_TOO_LARGE error","status":"passed","title":"超過單張圖片大小上限 → ZIP_IMAGE_TOO_LARGE error","duration":44.58610000000044,"failureMessages":[],"meta":{}},{"ancestorTitles":["zipReader","parseZipBuffer"],"fullName":"zipReader parseZipBuffer 重複 basename → ZIP_DUPLICATE_BASENAME error","status":"passed","title":"重複 basename → ZIP_DUPLICATE_BASENAME error","duration":9.036000000000058,"failureMessages":[],"meta":{}},{"ancestorTitles":["zipReader","parseZipBuffer"],"fullName":"zipReader parseZipBuffer 無效 ZIP buffer → ZIP_PARSE_ERROR error","status":"passed","title":"無效 ZIP buffer → ZIP_PARSE_ERROR error","duration":1.483700000004319,"failureMessages":[],"meta":{}}],"startTime":1784703631492,"endTime":1784703631698.4836,"status":"passed","message":"","name":"C:/Users/12040051/Desktop/績效報告網頁板/src/tests/zipReader.spec.ts"}]}